app/build/intermediates/manifest_merge_blame_file/debug/manifest-merger-blame-debug-report.txt
1<?xml version="1.0" encoding="utf-8"?>
2<manifest xmlns:android="http://schemas.android.com/apk/res/android"
3    package="com.truenorth.app"
4    android:versionCode="1"
5    android:versionName="1.0.0" >
6
7    <uses-sdk
8        android:minSdkVersion="26"
9        android:targetSdkVersion="34" />
10
11    <!-- Sensor permissions -->
12    <uses-permission android:name="android.permission.BODY_SENSORS" />
12-->src\main\AndroidManifest.xml:5:5-71
12-->src\main\AndroidManifest.xml:5:22-68
13    <uses-permission android:name="android.permission.ACTIVITY_RECOGNITION" />
13-->src\main\AndroidManifest.xml:6:5-79
13-->src\main\AndroidManifest.xml:6:22-76
14
15    <!-- Location permissions for GPS -->
16    <uses-permission android:name="android.permission.ACCESS_FINE_LOCATION" />
16-->src\main\AndroidManifest.xml:9:5-79
16-->src\main\AndroidManifest.xml:9:22-76
17    <uses-permission android:name="android.permission.ACCESS_COARSE_LOCATION" />
17-->src\main\AndroidManifest.xml:10:5-81
17-->src\main\AndroidManifest.xml:10:22-78
18    <uses-permission android:name="android.permission.ACCESS_BACKGROUND_LOCATION" />
18-->src\main\AndroidManifest.xml:11:5-85
18-->src\main\AndroidManifest.xml:11:22-82
19
20    <!-- Cell tower information -->
21    <uses-permission android:name="android.permission.READ_PHONE_STATE" />
21-->src\main\AndroidManifest.xml:14:5-75
21-->src\main\AndroidManifest.xml:14:22-72
22
23    <!-- Vibration for step haptics -->
24    <uses-permission android:name="android.permission.VIBRATE" />
24-->src\main\AndroidManifest.xml:17:5-66
24-->src\main\AndroidManifest.xml:17:22-63
25
26    <!-- Keep screen on during navigation -->
27    <uses-permission android:name="android.permission.WAKE_LOCK" />
27-->src\main\AndroidManifest.xml:20:5-68
27-->src\main\AndroidManifest.xml:20:22-65
28
29    <!-- osmdroid permissions -->
30    <uses-permission android:name="android.permission.INTERNET" />
30-->src\main\AndroidManifest.xml:23:5-67
30-->src\main\AndroidManifest.xml:23:22-64
31    <uses-permission android:name="android.permission.ACCESS_NETWORK_STATE" />
31-->src\main\AndroidManifest.xml:24:5-79
31-->src\main\AndroidManifest.xml:24:22-76
32    <uses-permission android:name="android.permission.ACCESS_WIFI_STATE" />
32-->src\main\AndroidManifest.xml:25:5-76
32-->src\main\AndroidManifest.xml:25:22-73
33    <uses-permission android:name="android.permission.CHANGE_WIFI_STATE" />
33-->src\main\AndroidManifest.xml:26:5-76
33-->src\main\AndroidManifest.xml:26:22-73
34    <uses-permission
34-->src\main\AndroidManifest.xml:27:5-108
35        android:name="android.permission.WRITE_EXTERNAL_STORAGE"
35-->src\main\AndroidManifest.xml:27:22-78
36        android:maxSdkVersion="32" />
36-->src\main\AndroidManifest.xml:27:79-105
37
38    <!-- Required for SENSOR_DELAY_FASTEST on Android 12+ -->
39    <uses-permission android:name="android.permission.HIGH_SAMPLING_RATE_SENSORS" />
39-->src\main\AndroidManifest.xml:30:5-85
39-->src\main\AndroidManifest.xml:30:22-82
40
41    <!-- Feature declarations -->
42    <uses-feature
42-->src\main\AndroidManifest.xml:33:5-98
43        android:name="android.hardware.sensor.accelerometer"
43-->src\main\AndroidManifest.xml:33:19-71
44        android:required="true" />
44-->src\main\AndroidManifest.xml:33:72-95
45    <uses-feature
45-->src\main\AndroidManifest.xml:34:5-95
46        android:name="android.hardware.sensor.gyroscope"
46-->src\main\AndroidManifest.xml:34:19-67
47        android:required="false" />
47-->src\main\AndroidManifest.xml:34:68-92
48    <uses-feature
48-->src\main\AndroidManifest.xml:35:5-93
49        android:name="android.hardware.sensor.compass"
49-->src\main\AndroidManifest.xml:35:19-65
50        android:required="false" />
50-->src\main\AndroidManifest.xml:35:66-90
51    <uses-feature
51-->src\main\AndroidManifest.xml:36:5-95
52        android:name="android.hardware.sensor.barometer"
52-->src\main\AndroidManifest.xml:36:19-67
53        android:required="false" />
53-->src\main\AndroidManifest.xml:36:68-92
54    <uses-feature
54-->src\main\AndroidManifest.xml:37:5-91
55        android:name="android.hardware.location.gps"
55-->src\main\AndroidManifest.xml:37:19-63
56        android:required="false" />
56-->src\main\AndroidManifest.xml:37:64-88
57    <uses-feature
57-->src\main\AndroidManifest.xml:38:5-88
58        android:name="android.hardware.telephony"
58-->src\main\AndroidManifest.xml:38:19-60
59        android:required="false" />
59-->src\main\AndroidManifest.xml:38:61-85
60
61    <permission
61-->[androidx.core:core:1.12.0] AndroidManifest.xml:22:5-24:47
62        android:name="com.truenorth.app.DYNAMIC_RECEIVER_NOT_EXPORTED_PERMISSION"
62-->[androidx.core:core:1.12.0] AndroidManifest.xml:23:9-81
63        android:protectionLevel="signature" />
63-->[androidx.core:core:1.12.0] AndroidManifest.xml:24:9-44
64
65    <uses-permission android:name="com.truenorth.app.DYNAMIC_RECEIVER_NOT_EXPORTED_PERMISSION" />
65-->[androidx.core:core:1.12.0] AndroidManifest.xml:26:5-97
65-->[androidx.core:core:1.12.0] AndroidManifest.xml:26:22-94
66
67    <supports-screens
67-->[org.osmdroid:osmdroid-android:6.1.20] AndroidManifest.xml:9:5-12:40
68        android:anyDensity="true"
68-->[org.osmdroid:osmdroid-android:6.1.20] AndroidManifest.xml:10:9-34
69        android:largeScreens="true"
69-->[org.osmdroid:osmdroid-android:6.1.20] AndroidManifest.xml:11:9-36
70        android:normalScreens="true" />
70-->[org.osmdroid:osmdroid-android:6.1.20] AndroidManifest.xml:12:9-37
71
72    <uses-feature
72-->[org.osmdroid:osmdroid-android:6.1.20] AndroidManifest.xml:14:5-16:36
73        android:name="android.hardware.location.network"
73-->[org.osmdroid:osmdroid-android:6.1.20] AndroidManifest.xml:15:9-57
74        android:required="false" />
74-->[org.osmdroid:osmdroid-android:6.1.20] AndroidManifest.xml:16:9-33
75    <uses-feature
75-->[org.osmdroid:osmdroid-android:6.1.20] AndroidManifest.xml:23:5-25:36
76        android:name="android.hardware.wifi"
76-->[org.osmdroid:osmdroid-android:6.1.20] AndroidManifest.xml:24:9-45
77        android:required="false" />
77-->[org.osmdroid:osmdroid-android:6.1.20] AndroidManifest.xml:25:9-33
78
79    <application
79-->src\main\AndroidManifest.xml:40:5-62:19
80        android:allowBackup="true"
80-->src\main\AndroidManifest.xml:41:9-35
81        android:appComponentFactory="androidx.core.app.CoreComponentFactory"
81-->[androidx.core:core:1.12.0] AndroidManifest.xml:28:18-86
82        android:debuggable="true"
83        android:extractNativeLibs="false"
84        android:hardwareAccelerated="true"
84-->src\main\AndroidManifest.xml:47:9-43
85        android:icon="@mipmap/ic_launcher"
85-->src\main\AndroidManifest.xml:42:9-43
86        android:label="@string/app_name"
86-->src\main\AndroidManifest.xml:43:9-41
87        android:largeHeap="true"
87-->src\main\AndroidManifest.xml:48:9-33
88        android:roundIcon="@mipmap/ic_launcher_round"
88-->src\main\AndroidManifest.xml:44:9-54
89        android:supportsRtl="true"
89-->src\main\AndroidManifest.xml:45:9-35
90        android:theme="@style/Theme.TrueNorth" >
90-->src\main\AndroidManifest.xml:46:9-47
91        <activity
91-->src\main\AndroidManifest.xml:50:9-60:20
92            android:name="com.truenorth.app.MainActivity"
92-->src\main\AndroidManifest.xml:51:13-41
93            android:exported="true"
93-->src\main\AndroidManifest.xml:52:13-36
94            android:keepScreenOn="true"
94-->src\main\AndroidManifest.xml:55:13-40
95            android:screenOrientation="portrait"
95-->src\main\AndroidManifest.xml:53:13-49
96            android:windowSoftInputMode="stateHidden" >
96-->src\main\AndroidManifest.xml:54:13-54
97            <intent-filter>
97-->src\main\AndroidManifest.xml:56:13-59:29
98                <action android:name="android.intent.action.MAIN" />
98-->src\main\AndroidManifest.xml:57:17-69
98-->src\main\AndroidManifest.xml:57:25-66
99
100                <category android:name="android.intent.category.LAUNCHER" />
100-->src\main\AndroidManifest.xml:58:17-77
100-->src\main\AndroidManifest.xml:58:27-74
101            </intent-filter>
102        </activity>
103        <activity
103-->[com.google.android.gms:play-services-base:18.5.0] AndroidManifest.xml:5:9-173
104            android:name="com.google.android.gms.common.api.GoogleApiActivity"
104-->[com.google.android.gms:play-services-base:18.5.0] AndroidManifest.xml:5:19-85
105            android:exported="false"
105-->[com.google.android.gms:play-services-base:18.5.0] AndroidManifest.xml:5:146-170
106            android:theme="@android:style/Theme.Translucent.NoTitleBar" />
106-->[com.google.android.gms:play-services-base:18.5.0] AndroidManifest.xml:5:86-145
107
108        <meta-data
108-->[com.google.android.gms:play-services-basement:18.4.0] AndroidManifest.xml:6:9-122
109            android:name="com.google.android.gms.version"
109-->[com.google.android.gms:play-services-basement:18.4.0] AndroidManifest.xml:6:20-65
110            android:value="@integer/google_play_services_version" />
110-->[com.google.android.gms:play-services-basement:18.4.0] AndroidManifest.xml:6:66-119
111
112        <provider
112-->[androidx.emoji2:emoji2:1.2.0] AndroidManifest.xml:24:9-32:20
113            android:name="androidx.startup.InitializationProvider"
113-->[androidx.emoji2:emoji2:1.2.0] AndroidManifest.xml:25:13-67
114            android:authorities="com.truenorth.app.androidx-startup"
114-->[androidx.emoji2:emoji2:1.2.0] AndroidManifest.xml:26:13-68
115            android:exported="false" >
115-->[androidx.emoji2:emoji2:1.2.0] AndroidManifest.xml:27:13-37
116            <meta-data
116-->[androidx.emoji2:emoji2:1.2.0] AndroidManifest.xml:29:13-31:52
117                android:name="androidx.emoji2.text.EmojiCompatInitializer"
117-->[androidx.emoji2:emoji2:1.2.0] AndroidManifest.xml:30:17-75
118                android:value="androidx.startup" />
118-->[androidx.emoji2:emoji2:1.2.0] AndroidManifest.xml:31:17-49
119            <meta-data
119-->[androidx.lifecycle:lifecycle-process:2.7.0] AndroidManifest.xml:29:13-31:52
120                android:name="androidx.lifecycle.ProcessLifecycleInitializer"
120-->[androidx.lifecycle:lifecycle-process:2.7.0] AndroidManifest.xml:30:17-78
121                android:value="androidx.startup" />
121-->[androidx.lifecycle:lifecycle-process:2.7.0] AndroidManifest.xml:31:17-49
122            <meta-data
122-->[androidx.profileinstaller:profileinstaller:1.3.0] AndroidManifest.xml:29:13-31:52
123                android:name="androidx.profileinstaller.ProfileInstallerInitializer"
123-->[androidx.profileinstaller:profileinstaller:1.3.0] AndroidManifest.xml:30:17-85
124                android:value="androidx.startup" />
124-->[androidx.profileinstaller:profileinstaller:1.3.0] AndroidManifest.xml:31:17-49
125        </provider>
126
127        <uses-library
127-->[androidx.window:window:1.0.0] AndroidManifest.xml:25:9-27:40
128            android:name="androidx.window.extensions"
128-->[androidx.window:window:1.0.0] AndroidManifest.xml:26:13-54
129            android:required="false" />
129-->[androidx.window:window:1.0.0] AndroidManifest.xml:27:13-37
130        <uses-library
130-->[androidx.window:window:1.0.0] AndroidManifest.xml:28:9-30:40
131            android:name="androidx.window.sidecar"
131-->[androidx.window:window:1.0.0] AndroidManifest.xml:29:13-51
132            android:required="false" />
132-->[androidx.window:window:1.0.0] AndroidManifest.xml:30:13-37
133
134        <receiver
134-->[androidx.profileinstaller:profileinstaller:1.3.0] AndroidManifest.xml:34:9-52:20
135            android:name="androidx.profileinstaller.ProfileInstallReceiver"
135-->[androidx.profileinstaller:profileinstaller:1.3.0] AndroidManifest.xml:35:13-76
136            android:directBootAware="false"
136-->[androidx.profileinstaller:profileinstaller:1.3.0] AndroidManifest.xml:36:13-44
137            android:enabled="true"
137-->[androidx.profileinstaller:profileinstaller:1.3.0] AndroidManifest.xml:37:13-35
138            android:exported="true"
138-->[androidx.profileinstaller:profileinstaller:1.3.0] AndroidManifest.xml:38:13-36
139            android:permission="android.permission.DUMP" >
139-->[androidx.profileinstaller:profileinstaller:1.3.0] AndroidManifest.xml:39:13-57
140            <intent-filter>
140-->[androidx.profileinstaller:profileinstaller:1.3.0] AndroidManifest.xml:40:13-42:29
141                <action android:name="androidx.profileinstaller.action.INSTALL_PROFILE" />
141-->[androidx.profileinstaller:profileinstaller:1.3.0] AndroidManifest.xml:41:17-91
141-->[androidx.profileinstaller:profileinstaller:1.3.0] AndroidManifest.xml:41:25-88
142            </intent-filter>
143            <intent-filter>
143-->[androidx.profileinstaller:profileinstaller:1.3.0] AndroidManifest.xml:43:13-45:29
144                <action android:name="androidx.profileinstaller.action.SKIP_FILE" />
144-->[androidx.profileinstaller:profileinstaller:1.3.0] AndroidManifest.xml:44:17-85
144-->[androidx.profileinstaller:profileinstaller:1.3.0] AndroidManifest.xml:44:25-82
145            </intent-filter>
146            <intent-filter>
146-->[androidx.profileinstaller:profileinstaller:1.3.0] AndroidManifest.xml:46:13-48:29
147                <action android:name="androidx.profileinstaller.action.SAVE_PROFILE" />
147-->[androidx.profileinstaller:profileinstaller:1.3.0] AndroidManifest.xml:47:17-88
147-->[androidx.profileinstaller:profileinstaller:1.3.0] AndroidManifest.xml:47:25-85
148            </intent-filter>
149            <intent-filter>
149-->[androidx.profileinstaller:profileinstaller:1.3.0] AndroidManifest.xml:49:13-51:29
150                <action android:name="androidx.profileinstaller.action.BENCHMARK_OPERATION" />
150-->[androidx.profileinstaller:profileinstaller:1.3.0] AndroidManifest.xml:50:17-95
150-->[androidx.profileinstaller:profileinstaller:1.3.0] AndroidManifest.xml:50:25-92
151            </intent-filter>
152        </receiver>
153    </application>
154
155</manifest>